<?xml version="1.0" encoding="UTF-8"?>
<testsuite xmlns:xsi="http://www.w3.org/2001/XMLSchema-instance" xsi:noNamespaceSchemaLocation="https://maven.apache.org/surefire/maven-surefire-plugin/xsd/surefire-test-report.xsd" name="org.springframework.samples.petclinic.web.PetControllerTests" time="1.858" tests="6" errors="0" skipped="0" failures="0">
  <properties>
[...]
</properties>
  <testcase name="testProcessCreationFormSuccess" classname="org.springframework.samples.petclinic.web.PetControllerTests" time="0.182"/>
  <testcase name="testProcessUpdateFormSuccess" classname="org.springframework.samples.petclinic.web.PetControllerTests" time="0.026"/>
  <testcase name="testInitUpdateForm" classname="org.springframework.samples.petclinic.web.PetControllerTests" time="0.034"/>
  <testcase name="testInitCreationForm" classname="org.springframework.samples.petclinic.web.PetControllerTests" time="0.026"/>
  <testcase name="testProcessCreationFormHasErrors" classname="org.springframework.samples.petclinic.web.PetControllerTests" time="0.035"/>
  <testcase name="testProcessUpdateFormHasErrors" classname="org.springframework.samples.petclinic.web.PetControllerTests" time="0.02"/>
</testsuite>